CHUNK_INDEX | TEXT_EN | TEXT_VI | ZALO_AUDIO_URL | GLOBAL_START_END
0 | White's most popular way to open the game is by directly occupying the center with | Cách phổ biến nhất của Trắng để mở ván đấu là trực tiếp chiếm trung tâm bằng | https://s9-zstorage.zdn.vn/052b326993367a682327/a8fc6fecb56e4820aa19ac84cdf2c189.mp3?authen=exp=1782994558~hmac=9bb68c158c1e8fdaf9564d55fc633337 | 0.0-4.62
0 | either E4 or D4 on the first move. | E4 hoặc D4 ở nước đi đầu tiên. | https://s9-zstorage.zdn.vn/995baf190e46e718be57/cf3e82d2218f4c0f990a5f416adc585d.mp3?authen=exp=1782994559~hmac=ac9723f4d72513968e2fe395414f140e | 4.62-8.22
0 | If White wants to explore other options, the English is one of the most trusted, solid | Nếu Trắng muốn khám phá các lựa chọn khác thì tiếng Anh là một trong những lựa chọn đáng tin cậy và vững chắc nhất. | https://s9-zstorage.zdn.vn/d614ef564e09a757fe18/cd7c00f84d0949ca82a4c32d0931a163.mp3?authen=exp=1782994560~hmac=0463e289158a929d6aa0d93c559a52ed | 8.22-12.700000000000001
0 | alternatives. | các lựa chọn thay thế. | https://s9-zstorage.zdn.vn/07673f259e7a77242e6b/806cb901485f4ef2af7500204170b30b.mp3?authen=exp=1782994561~hmac=885bac357baa23f93b6e2b712042a8bb | 12.700000000000001-13.780000000000001
0 | We reach the strategically complex opening by starting the game with C4. | Chúng ta đạt đến phần mở đầu phức tạp về mặt chiến lược bằng cách bắt đầu trận đấu với C4. | https://s9-zstorage.zdn.vn/94ceaf8c0ed3e78dbec2/ed9f02c412dd43d99182c69ce1974392.mp3?authen=exp=1782994561~hmac=02fc2017cf8b7ca592c33f99cb5d0387 | 13.780000000000001-18.54
0 | Turning the game into the English opening, White controls the D5 square and typically | Chuyển thế trận sang khai cuộc kiểu Anh, Trắng kiểm soát ô D5 và thường | https://s9-zstorage.zdn.vn/9527af650e3ae764be2b/6ed74daccc64499bac42874bea73a3a3.mp3?authen=exp=1782994562~hmac=112bdb764590bbeefc648732f51d0400 | 18.54-22.98
0 | prepares a light-squared strategy with Knight C3, G3, and Bishop G2, increasing control | chuẩn bị chiến lược bình phương nhẹ với Hiệp sĩ C3, G3 và Bishop G2, tăng khả năng kiểm soát | https://s9-zstorage.zdn.vn/1f9a22d883876ad93396/f2f2624aa8eb4645a187c5fd7e1cfc67.mp3?authen=exp=1782994563~hmac=3f00f602a4335c4cff2e7586cd7e355c | 22.98-29.3
0 | over the central D5 in E4 squares. | qua trung tâm D5 trong ô vuông E4. | https://s9-zstorage.zdn.vn/507a6c38cd6724397d76/38cc6ca1825f4d388d3e38474d530b81.mp3?authen=exp=1782994563~hmac=3cd1491151df3a26c074696e164ca48f | 29.3-33.14
0 | The English should not be viewed as a simple sideline, it's a rich opening with a wealth | Tiếng Anh không nên được xem như một thứ bên lề đơn giản, nó là sự mở đầu phong phú với vô số | https://s9-zstorage.zdn.vn/0649390b9854710a2845/6fb8c7624df6453089165192b82d261a.mp3?authen=exp=1782994564~hmac=0456e820de893d1b04ba680fef9085de | 33.14-37.06
0 | of strategic as well as dynamic ideas to explore. | các ý tưởng chiến lược cũng như năng động để khám phá. | https://s9-zstorage.zdn.vn/d299f5db5484bddae495/4d3f79da2f104a98be9ce45d3636e638.mp3?authen=exp=1782994565~hmac=dbb5fbd258cf65ad330d76c27c522c61 | 37.06-40.86
0 | Let's take a look at some of the basic ideas, starting with Black's most principled response, | Chúng ta hãy xem xét một số ý tưởng cơ bản, bắt đầu với phản ứng mang tính nguyên tắc nhất của Đen, | https://s9-zstorage.zdn.vn/a418825a2305ca5b9314/0bf5d366870e459db6e4165fccadf949.mp3?authen=exp=1782994565~hmac=e21763d9dd13fdfa9069bcc81654277a | 40.86-45.58
0 | E5. | anh trai. | https://s9-zstorage.zdn.vn/667f4f3dee62073c5e73/6bffeaaef8c646dba8a7493ff7630741.mp3?authen=exp=1782994566~hmac=b0ea0c599f214623424d6f788ae349f0 | 45.58-47.3
0 | Occupying the center, creating a mirror image of the razor-sharp Sicilian defense if | Chiếm trung tâm, tạo ra hình ảnh phản chiếu của hàng phòng ngự sắc bén của Sicily nếu | https://s9-zstorage.zdn.vn/d7a0ffe25ebdb7e3eeac/a3a95a257b08492888372b0eda7dba66.mp3?authen=exp=1782994567~hmac=b3b792ab184eecd129f1012a20c791aa | 47.3-51.14
0 | White opens the game with E4 and Black replies with C5. | Trắng mở đầu ván đấu bằng E4 và Đen trả lời bằng C5. | https://s9-zstorage.zdn.vn/8174d13670699937c078/09d3fba3b1ea4e39964f2228e49479c2.mp3?authen=exp=1782994567~hmac=285fb1a00e6b6fa42842ebc8464fd4f0 | 51.14-55.900000000000006
0 | In this way, White can be said to be playing a Sicilian defense up a tempo, although this | Bằng cách này, có thể nói rằng Trắng đang chơi một lối phòng thủ Sicilia với nhịp độ nhanh hơn, mặc dù điều này | https://s9-zstorage.zdn.vn/08635b21fa7e13204a6f/9df8148db786483c83b33b4bb43ba2d4.mp3?authen=exp=1782994568~hmac=809a596edd1575325db196f445865003 | 55.9-60.5
0 | may suggest the play will become quite sharp, which is possible. | có thể gợi ý rằng vở kịch sẽ trở nên khá sắc nét, điều đó là có thể. | https://s9-zstorage.zdn.vn/e647b405155afc04a54b/ac98fa72bd424ff689514cf52a7740ea.mp3?authen=exp=1782994569~hmac=198cbbabb921b116124ac5ef07f6d5f8 | 60.5-64.25999999999999
0 | White can also use this extra tempo to steer the game toward more positional waters typical | Trắng cũng có thể sử dụng nhịp độ tăng thêm này để điều khiển trận đấu theo hướng có vị trí điển hình hơn. | https://s9-zstorage.zdn.vn/b50be0494116a848f107/c5deeeffae484bd6addb8f7c516ba405.mp3?authen=exp=1782994570~hmac=45c3640136d50b9bee4be92e082bf0d4 | 64.25999999999999-68.58
0 | of the English opening. | phần mở đầu bằng tiếng Anh. | https://s9-zstorage.zdn.vn/f0cab78816d7ff89a6c6/75f0164e453e4d09ab40f2313ab7eb31.mp3?authen=exp=1782994571~hmac=a41b74e632c30f08be0cdbe18ece19d4 | 68.58-70.62
0 | Increasing control over the central light-squares with Knight C3 is a popular option. | Tăng cường kiểm soát các ô ánh sáng trung tâm với Knight C3 là một lựa chọn phổ biến. | https://s9-zstorage.zdn.vn/ddc1948335dcdc8285cd/011f7cac315541e38c89ce551e529286.mp3?authen=exp=1782994572~hmac=ea45815008b03860fe0e1ad914932898 | 70.62-74.98
0 | And White may also prepare to develop the light-squared bishop with G3, preparing | Và Trắng cũng có thể chuẩn bị phát triển quân tượng bình phương ánh sáng với G3, chuẩn bị | https://s9-zstorage.zdn.vn/763e3c7c9d23747d2d32/86e89af94d0f481a9d160e6c0b8b0c53.mp3?authen=exp=1782994573~hmac=819b92dc7c70b99190f015328bd271e7 | 74.98-79.38
0 | to meet the natural Knight F6, with Bishop G2. | để gặp Hiệp sĩ tự nhiên F6, với Bishop G2. | https://s9-zstorage.zdn.vn/7c8131c3909c79c2208d/896478d5c8b8469892be6cbfad9ec45b.mp3?authen=exp=1782994573~hmac=0d4f74a0b1a3d3cf69d8a78c276a6b08 | 79.38-83.7
0 | White's light-squared bishop is an important piece in the English, supporting both the center, | Tượng hình vuông sáng của White là một quân cờ quan trọng trong tiếng Anh, hỗ trợ cả trung tâm, | https://s9-zstorage.zdn.vn/53041f46be1957470e08/c7258f95cd1f4c8aa2d774b9deba7045.mp3?authen=exp=1782994574~hmac=fe872b0ba09e1a8354c887e1678a4254 | 83.74000000000001-87.98
0 | as well as adding pressure against Black's queen side. | cũng như tạo thêm áp lực đối với phe hậu của Đen. | https://s9-zstorage.zdn.vn/ba5af5185447bd19e456/a1e2730b29fe4c02b92984b36a5612f6.mp3?authen=exp=1782994575~hmac=61b194cf32bab5894e0741767a174b82 | 87.98-91.18
0 | We reach a critical moment in the English, Black must decide how to handle the central | Chúng ta đến một thời điểm quan trọng trong tiếng Anh, Đen phải quyết định cách xử lý vấn đề trung tâm | https://s9-zstorage.zdn.vn/6fa521e780b869e630a9/0761b4a8c3724e8aac743b92feea4c63.mp3?authen=exp=1782994576~hmac=53f5bde7d11c589cfab134f1c58aece0 | 91.18-95.18
0 | struggle based upon the D-pond. | cuộc đấu tranh dựa trên D-ao. | https://s9-zstorage.zdn.vn/689819dab88551db0894/dcd6bcb253ef4a4596431935f65c67ff.mp3?authen=exp=1782994576~hmac=c6cda3716c2d4ac0cbfb10e55ec69553 | 95.18-97.58
0 | Striking in the center with D5 creates a reversed open Sicilian type of position, which | Tấn công vào giữa bằng D5 tạo ra một kiểu vị trí Sicilia mở đảo ngược, | https://s9-zstorage.zdn.vn/f17581372068c9369079/5b4df2af33164c42b5a7a996c04c52a9.mp3?authen=exp=1782994577~hmac=37a2cf9f1a241f918df139099810f444 | 97.58-102.26
0 | we'll later examine. | sau này chúng ta sẽ kiểm tra. | https://s9-zstorage.zdn.vn/928ae4c84597acc9f586/92e06d061b88430a886647cfd8bcf018.mp3?authen=exp=1782994578~hmac=831849b6e843eb3161002bc8159ca368 | 102.26-103.86
0 | The D-pond may also be used to support the center by playing a future D6. | D-pond cũng có thể được sử dụng để hỗ trợ trung tâm bằng cách chơi D6 trong tương lai. | N/A | 103.86-108.66
0 | One typical plan is to develop the other Knight with Knight C6. | Một kế hoạch điển hình là phát triển Hiệp sĩ khác với Hiệp sĩ C6. | N/A | 108.66-112.62
0 | Strategy to control the central light-squares continues with Knight C3. | Chiến lược kiểm soát các ô ánh sáng trung tâm tiếp tục với Knight C3. | N/A | 112.66000000000001-117.02000000000001
0 | Joining the C4-pond and light-squared bishop and adding a third defender of the D5-square. | Tham gia vào ao C4 và tượng hình vuông nhẹ và thêm người bảo vệ thứ ba của hình vuông D5. | N/A | 117.02000000000001-122.54
0 | Black's dark-squared bishop has two important squares to consider. | Quân tượng hình vuông tối của quân Đen có hai ô vuông quan trọng cần xem xét. | N/A | 122.54-125.94
0 | Bishop B4 adds pressure against White's knight on C3, when White has to decide whether | Tượng B4 gây thêm áp lực lên hiệp sĩ của Trắng ở C3, khi Trắng phải quyết định liệu | N/A | 125.94-130.9
0 | to allow Bishop takes C3, gaining the Bishop pair, but accepting a slightly compromised | cho phép Bishop lấy C3, giành được cặp Bishop, nhưng chấp nhận một chút thỏa hiệp | N/A | 130.9-135.9
0 | pawn structure in the process. | cấu trúc cầm đồ trong quá trình này. | https://s9-zstorage.zdn.vn/91c6e88449dba085f9ca/40d372abb0c94f18b41b64668feda686.mp3?authen=exp=1782994579~hmac=8b73490403a87a01e60ea8b9b72c9001 | 135.9-138.06
0 | In this case, White may continue with Knight F3, simply continuing to develop while | Trong trường hợp này, Trắng có thể tiếp tục với Hiệp sĩ F3, chỉ đơn giản là tiếp tục phát triển trong khi | N/A | 138.06-142.3
0 | fighting for central control. | đấu tranh giành quyền kiểm soát trung ương. | N/A | 142.34-144.46
0 | On the other hand, the Knight may leap into the center with Knight D5, confronting | Mặt khác, Hiệp sĩ có thể nhảy vào trung tâm với Hiệp sĩ D5, đối đầu với | N/A | 144.46-148.66000000000003
0 | Black's dark-squared bishop. | Tượng hình vuông tối của màu đen. | N/A | 148.66000000000003-150.66000000000003
0 | In this case, Black may respond with Bishop C5, increasing pressure against | Trong trường hợp này, Đen có thể đáp trả bằng Tượng C5, gia tăng áp lực chống lại | N/A | 150.66000000000003-154.82000000000002
0 | White's king-side, leading to a complex positional struggle. | Bên vua Trắng, dẫn đến một cuộc tranh giành vị trí phức tạp. | N/A | 154.82000000000002-160.38000000000002
0 | Bishop B4 is a popular choice to examine, and Black may also consider the | Bishop B4 là một lựa chọn phổ biến để xem xét, và Đen cũng có thể xem xét | N/A | 160.38000000000002-164.46
0 | straightforward Bishop C5. | Giám mục thẳng thắn C5. | N/A | 164.46-167.42000000000002
0 | Adding pressure against White's king-side while preparing king-side | Tạo thêm áp lực lên phe vua Trắng trong khi chuẩn bị phe vua | N/A | 167.42000000000002-170.38000000000002
0 | castling. | nhập thành. | N/A | 170.42-171.42
0 | White's knight on G1 has two important paths to consider in order to enter the | Quân trắng ở G1 có hai con đường quan trọng cần cân nhắc để vào ván | N/A | 171.42-175.29999999999998
0 | game. | trò chơi. | N/A | 175.29999999999998-176.29999999999998
0 | Playing E3, followed by Knight G2 to E2 is an interesting idea we'll later | Chơi E3, tiếp theo là Knight G2 đến E2 là một ý tưởng thú vị chúng ta sẽ làm sau | N/A | 176.29999999999998-180.38
0 | examine, preparing to strike in the center with D4. | kiểm tra, chuẩn bị tấn công vào trung tâm bằng D4. | N/A | 180.38-184.29999999999998
0 | The most direct path is to play Knight F3. | Con đường trực tiếp nhất là chơi Knight F3. | N/A | 184.29999999999998-187.57999999999998
0 | Adding pressure against the E5-pond while preparing to castle. | Tạo thêm áp lực lên ao E5 trong khi chuẩn bị nhập thành. | N/A | 187.57999999999998-191.42
0 | Black should not be too eager to lunge the pawn forward with E4, as this is | Đen không nên quá háo hức lao quân tốt về phía trước với E4, vì đây là | N/A | 191.42-195.18
0 | well met by Knight G5, attacking the E4-pond, in revealing the light-squared | được đáp ứng tốt bởi Knight G5, tấn công ao E4, để lộ ánh sáng bình phương | N/A | 195.18-199.98
0 | bishop as a third attacker against this overly zealous pawn. | Bishop là kẻ tấn công thứ ba chống lại con tốt quá nhiệt tình này. | N/A | 199.98000000000002-203.34000000000003
0 | Black is unable to maintain this premature claim of central space. | Đen không thể duy trì được yêu cầu sớm này về không gian trung tâm. | N/A | 203.34000000000003-207.74
0 | Instead of advancing the E-pond, Black can build a solid pawn chain with D6, | Thay vì tiến lên Ao E, Đen có thể xây dựng một chuỗi chốt vững chắc với D6, | N/A | 207.74-212.94000000000003
0 | supporting the E5-pond while liberating the light-squared bishop. | hỗ trợ ao E5 đồng thời giải phóng giám mục bình phương ánh sáng. | N/A | 212.94000000000003-217.10000000000002
0 | A common continuation is for both sides to castle. | Một sự tiếp tục chung là cho cả hai bên đến lâu đài. | N/A | 217.10000000000002-221.66000000000003
0 | When White defines the typical pawn structure with D3, | Khi Trắng xác định cấu trúc tốt điển hình với D3, | N/A | 221.66000000000003-225.50000000000003
0 | the pawn chains serve as a compass to help orient the direction of play. | các chuỗi cầm đồ đóng vai trò như một chiếc la bàn giúp định hướng lối chơi. | N/A | 225.50000000000003-229.26000000000002
0 | White's pawn chain from E2 to C4 points toward the queen side. | Chuỗi chốt của Trắng từ E2 đến C4 hướng về phía hậu. | N/A | 229.26-233.17999999999998
0 | Coupled with White's light-squared bishop pointing in that direction, | Cùng với quân tượng bình phương ánh sáng của White chỉ về hướng đó, | N/A | 233.17999999999998-236.38
0 | White will typically plan to expand on that side of the board with A3 | Trắng thường có kế hoạch mở rộng ở phía đó của bàn cờ bằng A3 | N/A | 236.38-240.22
0 | and B4. Black's pawn chain from C7 to E5 points toward the king side, | và B4. Chuỗi chốt của Đen từ C7 đến E5 hướng về phía vua, | N/A | 240.22-245.82
0 | so coupled with Black's bishop's pointing in that direction, | kết hợp với việc tượng của Black chỉ về hướng đó, | N/A | 245.82-248.54
0 | this may prove to be a desirable area of the board to play. | đây có thể là một khu vực đáng mơ ước trên bàn cờ để chơi. | N/A | 248.54-251.82
0 | Of course, this is only a useful guideline and should not serve as an | Tất nhiên, đây chỉ là một hướng dẫn hữu ích và không nên dùng làm hướng dẫn | N/A | 251.82-255.42
0 | absolute direction of play. Grandmaster Michael Adams | hướng chơi tuyệt đối. Đại kiện tướng Michael Adams | N/A | 255.42-258.7
0 | played the typical A6, supporting the B5-square while extending the dark-squared diagonal for | chơi A6 điển hình, hỗ trợ hình vuông B5 trong khi mở rộng đường chéo hình vuông tối cho | N/A | 258.7-264.46
0 | Black's bishop, creating an important escape-square on A7 if necessary. | Tượng của Đen, tạo ra một ô thoát hiểm quan trọng trên A7 nếu cần thiết. | N/A | 264.46-268.7
0 | His opponent, Grandmaster Magnus Carlson, continued with the typical English strategy | Đối thủ của ông, Đại kiện tướng Magnus Carlson, tiếp tục với chiến thuật điển hình của người Anh. | N/A | 269.42-274.06
0 | of queenside expansion with A3. Anticipating B4, Black decided to | mở rộng phía nữ hoàng với A3. Đoán trước B4, Đen quyết định đánh | N/A | 274.06-279.5
0 | tuck his bishop away on A7. It's important for White not to forget | nhét tượng của mình đi trên A7. Điều quan trọng là Trắng không được quên | N/A | 279.5-283.65999999999997
0 | that this bishop still exerts important influence against the king side. | rằng vị giám mục này vẫn có ảnh hưởng quan trọng đối với phe nhà vua. | N/A | 283.65999999999997-287.09999999999997
0 | White expanded on the queenside with B4, when Black centralized his bishop with bishop E6. | Trắng mở rộng bên cánh hậu với B4, khi Đen tập trung quân của mình với quân E6. | N/A | 287.66-293.66
0 | Contemplating the D5 pawn break would prove unwise if White is able to respond with Ng5. | Dự tính việc bẻ chốt D5 sẽ tỏ ra không khôn ngoan nếu Trắng có thể đáp trả bằng Ng5. | N/A | 294.46000000000004-299.66
1 | attacking the bishop while revealing the light-squared bishop's pressure against the d5 pawn. | tấn công quân tượng đồng thời bộc lộ áp lực của quân cờ bình phương ánh sáng đối với con tốt d5. | N/A | 300.0-304.4
1 | On the other hand, black may have no immediate intention of playing d5 and may be prepared | Mặt khác, quân đen có thể không có ý định chơi d5 ngay lập tức và có thể đã chuẩn bị sẵn sàng. | N/A | 305.2-310.16
1 | to play queen d7, centralizing the queen, also creating a queen bishop battery pointing toward | để chơi quân hậu d7, tập trung quân hậu, đồng thời tạo ra một pin quân hậu hướng về phía | N/A | 310.16-315.84
1 | white's king side. Bishop b2 is one sensible choice, and grandmaster Carlson decided to play | bên vua trắng. Bishop b2 là một lựa chọn hợp lý và kiện tướng Carlson đã quyết định chơi | N/A | 315.84-322.16
1 | knight d2, revealing the light-squared bishop's pressure down the long diagonal. | hiệp sĩ d2, để lộ áp lực của quân tượng bình phương ánh sáng dọc theo đường chéo dài. | N/A | 322.16-326.88
1 | Now that white's knight is no longer able to meet d5 with knight g5, | Bây giờ hiệp sĩ trắng đó không còn gặp được d5 với hiệp sĩ g5 nữa, | N/A | 327.44-331.76
1 | d5 is an interesting pawn break to explore. White was not afraid of this option, | d5 là một điểm cầm đồ thú vị để khám phá. Trắng không sợ lựa chọn này, | N/A | 331.76-336.4
1 | as c takes d5 opens up the c-file, which may later be utilized by a rook, and it also prepares the | khi c lấy d5 sẽ mở tệp c, tệp này sau này có thể được quân xe sử dụng và nó cũng chuẩn bị | N/A | 336.4-342.72
1 | possible option of knight c4, adding pressure against black's central e5 pawn. It's also possible to | tùy chọn khả thi là hiệp sĩ c4, tạo thêm áp lực lên con tốt trung tâm e5 của quân đen. Cũng có thể | N/A | 342.72-349.36
1 | prepare the d5 pawn break with knight e7, with c6, and d5 to follow. Playing knight e7 immediately | chuẩn bị cuộc bẻ chốt d5 với hiệp sĩ e7, với c6 và d5 theo sau. Chơi ngay hiệp sĩ e7 | N/A | 349.36-356.96
1 | would hang the b7 pawn, so grandmaster Adams supported it with rook b8. The rook is pleased | sẽ treo con tốt b7, vì vậy đại kiện tướng Adams đã ủng hộ nó bằng quân b8. Xe hài lòng | N/A | 356.96-363.28
1 | to vacate the long diagonal, avoiding the dangerous glare of the light-squared bishop. | để trống đường chéo dài, tránh ánh sáng chói nguy hiểm của đèn vuông hình vuông. | N/A | 363.28-367.68
1 | The game continued with rook b1, supporting a possible b5 pawn break when black continued | Ván cờ tiếp tục với quân xe b1, hỗ trợ khả năng bẻ chốt b5 khi quân đen tiếp tục | N/A | 368.24-374.48
1 | with knight e7. Now that the knight is no longer under attack by white's light-squared bishop, | với hiệp sĩ e7. Bây giờ hiệp sĩ không còn bị tấn công bởi quân tượng bình phương ánh sáng của màu trắng nữa, | N/A | 374.56-379.84000000000003
1 | preventing white from comfortably advancing on the queen's side with b5 is suddenly in the air, | ngăn chặn quân trắng thoải mái tiến về phía quân hậu với b5 bất ngờ xuất hiện, | N/A | 379.84000000000003-384.4
1 | so white prevented this while grabbing more space on the queen's side with a4. | vì vậy màu trắng đã ngăn chặn điều này trong khi giành được nhiều không gian hơn về phía quân hậu bằng a4. | N/A | 385.04-388.88
1 | c6 is one reasonable choice when white will likely increase the queen's side tension with b5. | c6 là một lựa chọn hợp lý khi quân trắng có thể sẽ làm tăng sức căng của quân hậu với b5. | N/A | 389.6-394.72
1 | Grandmaster Adams decided to focus on development with queen d7. | Grandmaster Adams quyết định tập trung phát triển với nữ hoàng d7. | N/A | 395.44-399.12
1 | We reach a critical moment in the game. Many English players understandably prefer to | Chúng tôi đạt đến một thời điểm quan trọng trong trò chơi. Có thể hiểu được nhiều người chơi Anh thích | N/A | 399.68-404.08000000000004
1 | keep their strong light-squared bishop on the board, exerting important pressure down the | giữ quân tượng bình phương ánh sáng mạnh mẽ của họ trên bàn cờ, gây áp lực quan trọng xuống | N/A | 404.08-408.08
1 | long diagonal. That being said, it's important to not become overly attached to this piece, | đường chéo dài. Nói như vậy, điều quan trọng là không quá gắn bó với tác phẩm này, | N/A | 408.08-413.44
1 | because if white plays rook e1, preparing to meet bishop h3, attempting to trade | vì nếu trắng chơi xe e1, chuẩn bị gặp tượng h3, định đổi quân | N/A | 413.44-419.28
1 | bishops with bishop h1. White can actually land into trouble quickly after knight g4. | giám mục với giám mục h1. Trắng thực sự có thể gặp rắc rối nhanh chóng sau hiệp sĩ g4. | N/A | 419.28-425.03999999999996
1 | White is suddenly reminded that black's dark-squared bishop is alive and well on a7, | Trắng đột nhiên được nhắc nhở rằng quân tượng hình vuông tối của đen vẫn còn sống khỏe mạnh trên a7, | N/A | 425.84000000000003-430.4
1 | threatening the f2 pawn. If white tries to block this diagonal with e3, | đe dọa con tốt f2. Nếu quân trắng cố gắng chặn đường chéo này bằng e3, | N/A | 430.4-435.44
1 | then black's king-side initiative comes to life after f5, threatening to blast open the f-file | sau đó sáng kiến ​​của phe vua đen trở nên sống động sau f5, đe dọa sẽ mở f-file | N/A | 436.15999999999997-441.76
1 | with f4 when white is under serious pressure. In this case, preserving the light-squared bishop | với f4 khi màu trắng chịu áp lực nghiêm trọng. Trong trường hợp này, giữ nguyên tượng bình phương ánh sáng | N/A | 441.76-446.96000000000004
1 | is definitely not worth the problems on the king-side. Grandmaster Carlson was not afraid | chắc chắn không đáng để gặp rắc rối về phía nhà vua. Đại kiện tướng Carlson không hề sợ hãi | N/A | 446.96000000000004-451.92
1 | to allow black to spend time in order to exchange light-squared bishops, so he continued | để cho phép màu đen dành thời gian để trao đổi các quân tượng bình phương nhẹ, vì vậy anh ta tiếp tục | N/A | 451.92-456.48
1 | with b5, invading black's territory while also clearing the path for white's dark-squared bishop | với b5, xâm chiếm lãnh thổ của quân đen đồng thời dọn đường cho quân tượng hình vuông tối của quân trắng | N/A | 456.48-462.32
1 | to enter the game. We see these ideas in action after bishop h3, in bishop a3. White enjoys a | để vào trò chơi. Chúng ta thấy những ý tưởng này được thực hiện sau Bishop h3, trong Bishop a3. Trắng thích một | N/A | 462.32-469.67999999999995
1 | space advantage on the queen-side, although black's idea to exchange light-squared bishops | lợi thế về không gian ở phía quân hậu, mặc dù ý tưởng của người da đen là trao đổi các quân cờ bình phương nhẹ | N/A | 469.67999999999995-474.08
1 | takes some of the sting out of this pressure. Black's position is quite solid, | giảm bớt phần nào áp lực này. Vị trí của quân đen khá vững chắc, | N/A | 474.08-478.48
1 | as the central stronghold on e5 remains secure. Knight f3 is a popular, | vì thành trì trung tâm trên e5 vẫn được đảm bảo an toàn. Hiệp sĩ f3 là một phổ biến, | N/A | 478.48-484.4
1 | straightforward way for the king-side knight to enter the game. A more subtle approach is to | cách đơn giản để hiệp sĩ bên vua tham gia trò chơi. Một cách tiếp cận tinh tế hơn là | N/A | 484.4-488.72
1 | first play a3, which certainly seems like a strange way to help develop the knight on g1. | đầu tiên hãy chơi a3, đây chắc chắn có vẻ là một cách kỳ lạ để giúp phát triển hiệp sĩ trên g1. | N/A | 488.72-494.08000000000004
1 | The idea is to play e3, followed by knight g2 to e2. In order to better understand why a3 | Ý tưởng là chơi e3, tiếp theo là hiệp sĩ g2 đến e2. Để hiểu rõ hơn tại sao a3 | N/A | 494.08000000000004-500.15999999999997
1 | is an interesting option to explore, let's first take a look at the more direct approach e3. | là một lựa chọn thú vị để khám phá, trước tiên chúng ta hãy xem cách tiếp cận trực tiếp hơn e3. | N/A | 500.15999999999997-504.8
1 | This is a nearly universal setup white can employ in most variations of the English, | Đây là cách thiết lập gần như phổ biến mà người da trắng có thể sử dụng trong hầu hết các biến thể của tiếng Anh, | N/A | 505.44-509.6
1 | preparing knight g to e2 and in many circumstances d4. Playing e3 does weaken the d3 square, | chuẩn bị hiệp sĩ g đến e2 và trong nhiều trường hợp d4. Chơi e3 sẽ làm suy yếu hình vuông d3, | N/A | 509.6-516.56
1 | allowing the tactical shot d5. This appears to simply blunder upon, but the point is that c takes | cho phép bắn chiến thuật d5. Điều này có vẻ đơn giản là sai lầm, nhưng vấn đề là c lấy | N/A | 516.56-522.88
1 | d5 is well met by knight b4, threatening knight d3 check. One reasonable response for white | d5 gặp hiệp sĩ b4, đe dọa hiệp sĩ d3 kiểm tra. Một phản ứng hợp lý cho màu trắng | N/A | 522.88-530.0799999999999
1 | is to play d3, preventing the unpleasant check on d3, but it does allow knight b takes d5 | là chơi d3, ngăn chặn việc kiểm tra khó chịu trên d3, nhưng nó cho phép hiệp sĩ b lấy d5 | N/A | 530.0799999999999-536.56
1 | with a roughly level game. White may also try to complicate matters by playing d4, | với một trò chơi ở mức độ gần đúng. Trắng cũng có thể cố gắng làm phức tạp vấn đề bằng cách chơi d4, | N/A | 536.56-541.84
1 | provoking the central exchange e takes d4. e takes d4. It's important that black does not play | kích thích trao đổi trung tâm e mất d4. e lấy d4. Điều quan trọng là màu đen không chơi | N/A | 542.56-549.52
1 | bishop takes d4, hoping that white will capture the bishop, allowing the deadly fork knight c2 | Bishop lấy d4, hy vọng quân trắng sẽ bắt được Bishop, cho phép hiệp sĩ ngã ba chết người c2 | N/A | 549.52-555.2
1 | check, winning the queen. Bishop takes d4 may set up a trap, but it's actually black who | kiểm tra, giành được nữ hoàng. Bishop lấy d4 có thể giăng bẫy nhưng thực chất là ai đen | N/A | 555.2-561.04
1 | falls into the trap after queen a4 check, attacking the king in unprotected knight, | rơi vào bẫy sau khi nữ hoàng a4 chiếu, tấn công vua trong hiệp sĩ không được bảo vệ, | N/A | 561.04-566.0
1 | winning a piece. A stronger response is to play bishop e7. White should not be overly focused on | thắng được một phần. Một phản ứng mạnh mẽ hơn là chơi Bishop e7. Màu trắng không nên quá tập trung vào | N/A | 566.0-572.56
1 | trying to protect the extra d5 pawn, as moves like bishop f5 are in the air, preparing unpleasant | cố gắng bảo vệ con tốt d5 bổ sung, khi những bước di chuyển như giám mục f5 đang diễn ra, chuẩn bị khó chịu | N/A | 572.56-578.1600000000001
1 | threats such as knight c2 and knight d3 check. White may continue with knight g to e2, | các mối đe dọa như kiểm tra hiệp sĩ c2 và hiệp sĩ d3. Trắng có thể tiếp tục với hiệp sĩ g đến e2, | N/A | 578.1600000000001-584.3199999999999
1 | allowing black to regain the pawn. This is a perfectly playable option as long as white is | cho phép màu đen lấy lại con tốt. Đây là một lựa chọn hoàn toàn có thể chơi được miễn là màu trắng | N/A | 584.96-589.8399999999999
1 | comfortable playing with an isolated queen's pawn. There is plenty of play in the position, | thoải mái chơi với con tốt của quân hậu bị cô lập. Có rất nhiều khả năng chơi ở vị trí này, | N/A | 589.8399999999999-594.56
1 | but some players prefer to avoid opening the game and clarifying the structure so quickly. | nhưng một số người chơi muốn tránh mở trò chơi và làm rõ cấu trúc quá nhanh. | N/A | 594.56-598.8
2 | the immediate e3 is certainly worth exploring, although black appears to gain a good game | e3 trước mắt chắc chắn đáng để khám phá, mặc dù màu đen có vẻ mang lại một trò chơi hay | N/A | 600.0-604.42
2 | after d5. | sau d5. | https://s9-zstorage.zdn.vn/d1f622b283ed6ab333fc/97cce99dcbf94c6fa857a7c4337b73be.mp3?authen=exp=1782994837~hmac=fc099ec130cb71fbd88b9a85e2caa0fe | 604.42-606.34
2 | An interesting way to prepare this move is by first playing a3. | Một cách thú vị để chuẩn bị cho nước đi này là trước tiên hãy chơi a3. | N/A | 606.34-610.44
2 | This helps prepare e3, as black cannot rely upon d5, followed by knight b4. | Điều này giúp chuẩn bị e3, vì quân đen không thể dựa vào d5, tiếp theo là hiệp sĩ b4. | N/A | 610.44-616.7
2 | a3 is also a useful move to prepare queen side expansion with b4. | a3 cũng là một động thái hữu ích để chuẩn bị mở rộng phía nữ hoàng với b4. | N/A | 616.7-621.38
2 | It's possible to discourage this plan with a5, but this does weaken the b5 square, | Có thể ngăn cản kế hoạch này bằng a5, nhưng điều này làm suy yếu hình vuông b5, | N/A | 621.38-626.54
2 | and white may still be able to achieve an eventual b4 with proper preparation. | và quân trắng vẫn có thể đạt được b4 nếu có sự chuẩn bị thích hợp. | N/A | 626.54-631.28
2 | A more flexible choice is to play in the style of Grandmaster Michael Adams with a6, | Lựa chọn linh hoạt hơn là chơi theo phong cách của Đại kiện tướng Michael Adams với a6, | N/A | 631.28-636.56
2 | creating the familiar escape square on a7 if necessary. | tạo ô thoát quen thuộc trên a7 nếu cần. | N/A | 636.56-640.0
2 | His opponent, Grandmaster Víctor Lasnichka, continued with e3, when after black castled, | Đối thủ của anh ta, Grandmaster Víctor Lasnichka, tiếp tục với e3, khi sau khi nhập thành đen, | N/A | 640.0-646.68
2 | we see the king's side knight enter the action from the e2 square. | chúng ta thấy hiệp sĩ bên nhà vua tham gia hành động từ ô e2. | N/A | 646.68-650.56
2 | The knight is a bit less active than it was on f3, but in this case the light-squared | Hiệp sĩ kém hoạt động hơn một chút so với ở f3, nhưng trong trường hợp này, bình phương ánh sáng | N/A | 650.56-654.86
2 | bishop enjoys greater freedom on the long diagonal. | tượng được hưởng sự tự do lớn hơn trên đường chéo dài. | N/A | 654.88-658.04
2 | Grandmaster Adams continued with the typical d6, supporting the center while liberating | Đại kiện tướng Adams tiếp tục với d6 điển hình, hỗ trợ trung tâm đồng thời giải phóng | N/A | 658.04-663.38
2 | the light-squared bishop. | giám mục bình phương ánh sáng. | N/A | 663.38-665.28
2 | White has a variety of options to explore, including d4 and castling king side, but white | Trắng có nhiều lựa chọn để khám phá, bao gồm cả d4 và vua nhập thành, nhưng trắng | N/A | 665.28-671.06
2 | decided to play the prophylactic h3, discouraging bishop g4 as white prepares the central pawn | quyết định chơi h3 dự phòng, làm nản lòng tượng g4 khi quân trắng chuẩn bị con tốt trung tâm | N/A | 671.06-677.06
2 | break d4. | phá vỡ d4. | N/A | 677.06-678.94
2 | In some cases, white may even consider g4 in knight g3, eyeing the enemy f5 and h5 squares, | Trong một số trường hợp, quân trắng thậm chí có thể xem xét g4 trong hiệp sĩ g3, để mắt đến các ô vuông f5 và h5 của đối phương, | N/A | 679.02-685.9
2 | but continuing to weaken the king's side is not a decision to take lightly. | nhưng tiếp tục làm suy yếu phe nhà vua không phải là một quyết định xem nhẹ. | N/A | 685.9-690.1
2 | Grandmaster Adams continued with bishop a7, but let's first understand why black wouldn't | Đại kiện tướng Adams tiếp tục với Bishop a7, nhưng trước tiên hãy hiểu tại sao màu đen lại không | N/A | 690.1-694.46
2 | activate the light-squared bishop with bishop e6. | kích hoạt giám mục bình phương ánh sáng với giám mục e6. | N/A | 694.46-697.74
2 | This appears to be a strong move, activating the bishop while attacking the c4 pawn. | Đây có vẻ là một bước đi mạnh mẽ, kích hoạt tượng trong khi tấn công con tốt c4. | N/A | 697.74-702.88
2 | But now the light-squared bishop and knight on c6 are suddenly in forking distance | Nhưng bây giờ quân tượng và hiệp sĩ bình phương ánh sáng ở c6 đột nhiên ở khoảng cách xa nhau | N/A | 702.88-706.56
2 | of a pawn. | của một con tốt. | N/A | 706.56-708.34
2 | Instead of defending c4 directly, white has the strong tactical shot, d4. | Thay vì phòng thủ trực tiếp c4, quân trắng có cú đánh chiến thuật mạnh mẽ, d4. | N/A | 708.38-713.84
2 | Attacking the dark-squared bishop, so after e takes d4, e takes d4. | Tấn công quân tượng bình phương tối, nên sau e lấy d4, e lấy d4. | N/A | 713.84-719.56
2 | The dark-squared bishop cannot both retreat to safety as well as prevent the deadly | Vị giám mục trong bóng tối không thể vừa rút lui đến nơi an toàn vừa ngăn chặn được thảm họa chết người | N/A | 719.56-723.4
2 | forked d5, so after bishop a7, white simply wins a piece with d5, forking the bishop | chia đôi d5, vì vậy sau quân tượng a7, quân trắng chỉ thắng một quân với d5, chia quân tượng | N/A | 723.4-730.54
2 | in knight, an instructive tactical resource to keep in mind. | trong hiệp sĩ, một nguồn tài nguyên chiến thuật mang tính hướng dẫn cần ghi nhớ. | N/A | 730.54-735.28
2 | The dark-squared bishop is vulnerable to both d4 and b4, so black spends a tempo to secure | Tượng hình vuông tối dễ bị tổn thương bởi cả d4 và b4, vì vậy quân đen dành một nhịp độ để bảo vệ | N/A | 735.28-741.1800000000001
2 | this piece with bishop a7. | mảnh này với Bishop a7. | N/A | 741.1800000000001-743.58
2 | White is preparing to strike in the center with d4, possibly opening the center, so this | Trắng đang chuẩn bị tấn công vào trung tâm với d4, có thể mở trung tâm, nên điều này | N/A | 743.58-748.1800000000001
2 | is a good signal for white to castle. | là một tín hiệu tốt để quân trắng vào lâu đài. | N/A | 748.1800000000001-751.1800000000001
2 | Now that the bishop is on a7, no longer vulnerable to a d4 shot. | Bây giờ quân tượng ở a7, không còn dễ bị bắn d4 nữa. | N/A | 751.1800000000001-756.34
2 | Attacking the c4 pawn with bishop e6 is possible when white may respond with b3 or knight | Có thể tấn công con tốt c4 bằng tượng e6 khi quân trắng có thể đáp trả bằng b3 hoặc hiệp sĩ | N/A | 756.34-761.8199999999999
2 | d5, interesting options worth considering. | d5, những lựa chọn thú vị đáng xem xét. | N/A | 761.88-765.56
2 | In the game, Grandmaster Adams decided to centralize his rook with rook e8. | Trong trò chơi, Đại kiện tướng Adams quyết định tập trung quân xe của mình bằng quân e8. | N/A | 765.56-770.4
2 | When white completed his plan of central expansion with d4, in the game black decided to play | Khi quân trắng hoàn thành kế hoạch mở rộng trung tâm với d4, trong ván cờ đen quyết định chơi. | N/A | 770.4-775.48
2 | h6 before playing e takes d4. | h6 trước khi chơi e mất d4. | N/A | 775.48-778.8
2 | It was also possible to play e takes d4 immediately, when after e takes d4, opening up a path | Cũng có thể chơi e lấy d4 ngay lập tức, khi sau e lấy d4, mở ra một con đường | N/A | 778.8-785.56
2 | for the dark-squared bishop, black can secure the g5 square with h6, eliminating | đối với quân tượng có hình vuông tối, màu đen có thể bảo vệ hình vuông g5 bằng h6, loại bỏ | N/A | 785.56-791.16
2 | any possible bishop g5 ideas, while also creating a potential escape square for the light-squared | bất kỳ ý tưởng Bishop g5 nào có thể, đồng thời tạo ra một hình vuông thoát tiềm năng cho bình phương ánh sáng | N/A | 791.16-796.46
2 | bishop after bishop f5, opening up the h7 square if necessary. | giám mục nối tiếp giám mục f5, mở ô vuông h7 nếu cần thiết. | N/A | 796.46-801.78
2 | White is in no rush to play d5, gaining a tempo against the knight but also revealing | Trắng không vội chơi d5, giành được nhịp độ trước quân mã nhưng cũng để lộ | N/A | 801.78-806.3
2 | the dark-squared bishop's pressure down the diagonal. | áp lực của giám mục bình phương tối xuống đường chéo. | N/A | 806.3-809.46
2 | This also opens up the e5 square for black's knight, attacking the c4 pawn. | Điều này cũng mở ra ô e5 cho hiệp sĩ đen, tấn công con tốt c4. | N/A | 809.46-814.62
2 | In these sorts of positions it's often a good idea to play king h2, helping secure | Trong những tình huống như thế này, bạn nên chơi vua h2, giúp đảm bảo an toàn. | N/A | 814.62-819.14
2 | the h3 pawn, as well as avoiding the unpleasant alignment with black's dark-squared bishop, | con tốt h3, cũng như tránh sự liên kết khó chịu với quân tượng hình vuông tối của quân đen, | N/A | 819.14-824.36
2 | which can be a source of tactical oversights later in the game. | có thể là nguyên nhân của những sơ suất về mặt chiến thuật sau này trong trò chơi. | N/A | 824.36-828.2
2 | White is prepared to expand on the queen's side with b4, and decide whether the bishop | Trắng sẵn sàng mở rộng về phía hậu với b4, và quyết định xem quân tượng có | N/A | 828.2-832.24
2 | is best placed on b2, e3, or f4. | được đặt tốt nhất trên b2, e3 hoặc f4. | N/A | 832.24-836.9200000000001
2 | Black may consider knight e7, clearing the path for c6, and if allowed, d5, fighting | Đen có thể xem hiệp sĩ e7, dọn đường cho c6, và nếu được phép, d5, giao tranh | N/A | 836.9200000000001-842.84
2 | for central space. | cho không gian trung tâm. | N/A | 842.84-844.76
2 | The position remains roughly balanced, but this is a typical English position in which | Vị trí vẫn gần như cân bằng, nhưng đây là vị trí điển hình của người Anh, trong đó | N/A | 844.76-848.6800000000001
2 | all of the pieces remain on the board, with only a single pawn exchange so far, leading | tất cả các quân cờ vẫn còn trên bàn cờ, cho đến nay chỉ có một cuộc trao đổi cầm đồ duy nhất, dẫn đầu | N/A | 848.7-853.3
2 | to a rich middle game struggle. | đến một cuộc đấu tranh giữa trò chơi phong phú. | N/A | 853.3-856.6600000000001
2 | So far we've examined black's solid approach of reinforcing the center with an eventual | Cho đến nay chúng ta đã xem xét cách tiếp cận vững chắc của người da đen trong việc củng cố trung tâm bằng một chiến lược cuối cùng. | N/A | 856.6600000000001-860.7
2 | d6, typically after the dark-squared bishop has entered the action so as not to interfere | d6, thường là sau khi quân tượng hình vuông tối đã tham gia hành động để không can thiệp | N/A | 860.7-865.5799999999999
2 | with its scope. | với phạm vi của nó. | N/A | 865.5799999999999-866.8199999999999
2 | A more ambitious approach is to use this pawn to strike in the center with d5. | Một cách tiếp cận đầy tham vọng hơn là sử dụng con tốt này để tấn công vào trung tâm với d5. | N/A | 866.8199999999999-871.46
2 | This can be prepared by first playing c6, when white can play the provocative knight | Điều này có thể được chuẩn bị bằng cách chơi c6 lần đầu tiên, khi quân trắng có thể đóng vai hiệp sĩ khiêu khích | N/A | 871.46-875.62
2 | f3, attacking black's center and trying to lure the center pawn forward, leading to double-edged | f3, tấn công vào trung tâm quân đen và cố gắng dụ quân tốt ở giữa về phía trước, dẫn đến thế cờ hai lưỡi | N/A | 875.64-881.24
2 | play. | chơi. | N/A | 881.24-882.36
2 | Or white may decide to strike in the center immediately with d4, another important variation | Hoặc quân trắng có thể quyết định tấn công vào trung tâm ngay lập tức với d4, một biến thể quan trọng khác | N/A | 882.36-887.28
2 | worth examining. | đáng để kiểm tra. | N/A | 887.28-889.1600000000001
2 | A more direct as well as popular way to provoke a central crisis is to strike in the center | Một cách trực tiếp và phổ biến hơn để kích động một cuộc khủng hoảng trung tâm là tấn công vào trung tâm. | N/A | 889.1600000000001-893.52
2 | immediately with d5. | ngay lập tức với d5. | N/A | 893.52-895.8
2 | Turning the game into the reversed open Sicilian, in e4 opening with colors | Biến trò chơi thành Sicilia mở đảo ngược, mở đầu e4 với màu sắc | N/A | 895.8-899.6800000000001
3 | First, mimicking how White handles the Sicilian, except being down a tempo. | Đầu tiên, bắt chước cách White xử lý Sicilia, ngoại trừ việc giảm nhịp độ. | N/A | 900.0-904.8
3 | White should put an immediate end to Black's central pawn duo with C takes D5. | Trắng nên chấm dứt ngay lập tức bộ đôi tốt trung tâm của Đen với C lấy D5. | N/A | 904.8-909.6
3 | Knight takes D5. | Hiệp sĩ lấy D5. | N/A | 909.6-911.44
3 | In exchange for opening the D-file for Black, White enjoys a semi-open C-file. | Để đổi lấy việc mở hồ sơ D cho Đen, Trắng được hưởng hồ sơ C nửa mở. | N/A | 911.44-916.92
3 | Black enjoys more space in the center and behind it the potential for more active | Màu đen thích nhiều không gian hơn ở trung tâm và đằng sau nó là tiềm năng hoạt động tích cực hơn | N/A | 916.92-920.8
3 | piece play. | chơi từng phần. | N/A | 920.8-921.8
3 | But White will try to prove the time advantage as well as piece pressure will have its say | Nhưng Trắng sẽ cố gắng chứng minh lợi thế về thời gian cũng như áp lực quân cờ sẽ có tiếng nói. | N/A | 921.8-925.76
3 | after Bishop G2. | sau Bishop G2. | N/A | 925.76-928.0
3 | Threatening the Knight on D5. | Đe dọa Hiệp sĩ ở D5. | N/A | 928.0-930.26
3 | Retreating the Knight to B6 is Black's most common choice, but in order to better understand | Rút quân Mã về B6 là lựa chọn thông dụng nhất của Đen, nhưng để hiểu rõ hơn | N/A | 930.26-934.88
3 | why this is the case, let's take a look at the natural response Bishop E6. | tại sao lại như vậy, chúng ta cùng xem phản ứng tự nhiên của Bishop E6 nhé. | N/A | 934.88-940.16
3 | Developing a piece while supporting the Knight, White continues with Knight f3. | Phát triển một quân cờ trong khi hỗ trợ Hiệp sĩ, White tiếp tục với Hiệp sĩ f3. | N/A | 940.16-944.96
3 | Attacking the E5 pawn, so Black defends the center with Knight c6. | Tấn công quân tốt E5 nên Đen phòng thủ trung tâm bằng Hiệp sĩ c6. | N/A | 944.96-949.84
3 | After White castles, White is ready to strike in the center with the thematic | Sau lâu đài Trắng, Trắng sẵn sàng tấn công vào trung tâm với chủ đề | N/A | 949.84-953.84
3 | pawn break D4. | cầm đồ D4. | N/A | 953.84-955.76
3 | So any normal move such as Bishop E7 is well met by D4. | Vì vậy bất kỳ động thái bình thường nào như Bishop E7 đều được D4 đáp ứng tốt. | N/A | 955.76-961.4
3 | Striking in the center and preparing to meet E takes D4, with Knight takes D4. | Đánh vào trung tâm và chuẩn bị gặp E lấy D4, với Knight lấy D4. | N/A | 961.4-967.12
3 | White's centralized Knight attacks the Knight on c6 as well as Light-squared Bishop on E6. | Hiệp sĩ tập trung của Trắng tấn công Hiệp sĩ ở c6 cũng như Bishop bình phương Ánh sáng trên E6. | N/A | 967.12-972.54
3 | This move also clears a path for the Light-squared Bishop exerting serious pressure on the long | Động thái này cũng dọn đường cho Light-squared Bishop gây áp lực nghiêm trọng về lâu dài. | N/A | 972.54-977.04
3 | diagonal. | đường chéo. | N/A | 977.04-978.76
3 | Black's position is already uncomfortable, so this is a position Black should avoid. | Vị trí của Đen vốn đã không thoải mái nên đây là vị trí mà Đen nên tránh. | N/A | 978.76-983.96
3 | Since D4 is a positional threat, what happens if Black tries to discourage this pawn break | Vì D4 là một mối đe dọa về vị trí, điều gì sẽ xảy ra nếu Đen cố gắng ngăn cản việc ăn chốt này | N/A | 983.96-988.92
3 | with Bishop c5? | với Giám mục c5? | N/A | 988.92-991.12
3 | This actually fails to prevent White from striking in the center thanks to the center Knight | Điều này thực sự không ngăn được Trắng tấn công vào trung tâm nhờ Hiệp sĩ ở trung tâm | N/A | 991.12-995.02
3 | fork trick, Knight takes E5. | lừa ngã ba, Knight lấy E5. | N/A | 995.02-998.44
3 | Destroying Black's pawn center, activating the Light-squared Bishop, and luring the | Phá hủy trung tâm cầm đồ của Đen, kích hoạt Tượng bình phương Ánh sáng và dụ quân | N/A | 998.44-1002.46
3 | enemy Knight into the center with Knight takes E5. | Hiệp sĩ địch vào trung tâm với Hiệp sĩ lấy E5. | N/A | 1002.46-1006.14
3 | When White is once again able to strike in the center with D4. | Khi Trắng một lần nữa có thể tấn công vào trung tâm với D4. | N/A | 1006.14-1010.52
3 | Threatening the Bishop in Knight with an excellent game for White. | Đe dọa Bishop trong Knight bằng một ván cờ xuất sắc dành cho Trắng. | N/A | 1010.56-1014.16
3 | The natural Bishop E6 allows White to prepare a well-timed pawn break with D4, leading to | Bishop E6 tự nhiên cho phép Trắng chuẩn bị một cuộc bẻ chốt đúng lúc với D4, dẫn đến | N/A | 1014.16-1019.36
3 | a comfortable game for White. | một ván đấu thoải mái cho Trắng. | N/A | 1019.36-1021.52
3 | Now we can better understand why Black's main response is Knight B6. | Bây giờ chúng ta có thể hiểu rõ hơn tại sao phản ứng chính của Đen lại là Hiệp sĩ B6. | N/A | 1021.52-1026.12
3 | Moving the threatened Knight to safety, while revealing the Queen's protection of the | Đưa Hiệp sĩ bị đe dọa đến nơi an toàn, đồng thời tiết lộ sự bảo vệ của Nữ hoàng đối với | N/A | 1026.12-1029.56
3 | D4 square. | hình vuông D4. | N/A | 1029.56-1031.12
3 | A popular continuation is Knight f3. | Sự tiếp nối phổ biến là Knight f3. | N/A | 1031.12-1034.4
3 | Threatening Black's center while also preparing a possible central pawn break with D4. | Đe dọa trung tâm của Đen đồng thời chuẩn bị một đòn ăn chốt có thể xảy ra ở trung tâm với D4. | N/A | 1034.4-1039.16
3 | Destroying Black decides to respond to both of these ideas with Knight c6. | Tiêu diệt Đen quyết định đáp lại cả hai ý tưởng này bằng Hiệp sĩ c6. | N/A | 1039.24-1043.56
3 | White typically remains flexible with the central pawns by castling. | Trắng thường vẫn linh hoạt với những con tốt trung tâm bằng cách nhập thành. | N/A | 1043.56-1047.24
3 | Let's follow a top-level game to get a sense of the typical ideas for both sides. | Hãy cùng theo dõi một trò chơi đỉnh cao để nắm được ý tưởng tiêu biểu của cả hai bên. | N/A | 1047.24-1052.48
3 | Grandmaster Veselin Topolov activated his Dark-squared Bishop with Bishop E7. | Đại kiện tướng Veselin Topolov đã kích hoạt Tượng bình phương tối của mình với Tượng E7. | N/A | 1052.48-1057.76
3 | Preparing to castle King's side. | Chuẩn bị vào lâu đài bên nhà vua. | N/A | 1057.76-1059.72
3 | His opponent, world champion Magnus Carlson, demonstrated a typical idea for White | Đối thủ của ông, nhà vô địch thế giới Magnus Carlson, đã thể hiện một ý tưởng điển hình cho Trắng | N/A | 1059.72-1064.28
3 | in the English, building a flank attack on the Queen's side, starting with A3. | trong tiếng Anh, xây dựng cuộc tấn công bên sườn quân Hậu, bắt đầu bằng A3. | N/A | 1064.28-1069.48
3 | Preparing to grab more space with B4 on the next move. | Chuẩn bị giành thêm không gian với B4 ở nước đi tiếp theo. | N/A | 1069.48-1073.12
3 | It's possible to prevent White's idea with A5, weakening the B5 square as well as removing | Có thể ngăn cản ý tưởng của Trắng bằng quân A5, làm suy yếu ô B5 cũng như loại bỏ | N/A | 1073.12-1078.44
3 | a defender of the Knight on B6. | một người bảo vệ Hiệp sĩ trên B6. | N/A | 1078.44-1081.04
3 | In this case White typically continues with D3, Bishop E3, and Rc1, building pressure | Trong trường hợp này, Trắng thường tiếp tục với D3, Bishop E3 ​​và Rc1, tạo áp lực | N/A | 1081.04-1087.28
3 | on the Queen's side. | về phía Nữ hoàng. | N/A | 1087.28-1089.04
3 | Black will likely castle, followed by centralizing the Light-squared Bishop with Bishop | Màu đen có thể sẽ vào lâu đài, tiếp theo là tập trung Tượng bình phương Ánh sáng với Tượng | N/A | 1089.04-1093.08
3 | E6, leading to complex play. | E6, dẫn đến lối chơi phức tạp. | N/A | 1093.08-1096.8
3 | Instead of spending a tempo on discouraging B4, Grandmaster Topolov decided to castle. | Thay vì dành thời gian để làm nản lòng B4, Đại kiện tướng Topolov quyết định nhập thành. | N/A | 1096.8-1103.08
3 | When after B4, it looks like B5 is a serious threat, removing the guard of the E5 pawn. | Khi sau B4, có vẻ như B5 là một mối đe dọa nghiêm trọng, loại bỏ sự phòng thủ của quân tốt E5. | N/A | 1103.08-1109.8
3 | But Grandmaster Topolov continued with the main response, Bishop E6. | Nhưng Grandmaster Topolov vẫn tiếp tục với câu trả lời chính là Bishop E6. | N/A | 1109.8-1115.24
3 | This is a clever move, trying to lure White into playing B5, when Black is prepared | Đây là một nước đi thông minh, nhằm dụ Trắng chơi B5, khi Đen đã chuẩn bị sẵn sàng. | N/A | 1115.24-1120.4
3 | to centralize the Knight with Knight D4. | để tập trung Hiệp sĩ với Hiệp sĩ D4. | N/A | 1120.4-1123.78
3 | White is still doing fine and may consider playing a move such as Rb1, but if White tries | Trắng vẫn chơi tốt và có thể cân nhắc chơi một nước đi như Rb1, nhưng nếu Trắng cố gắng | N/A | 1123.78-1128.66
3 | to grab a pawn with Knight takes E5, this is punished by Bishop B3. | bắt tốt với Knight mất E5, điều này bị Bishop B3 trừng phạt. | N/A | 1128.66-1134.84
3 | Suddenly White's Queen is short of squares, and unlike with the Rb1, when White can respond | Đột nhiên Nữ hoàng của Trắng thiếu ô vuông và không giống như Rb1, khi Trắng có thể đáp trả | N/A | 1134.84-1139.56
3 | with Rb3, White's Queen is forced to the E1 square, allowing Black to play the | với Rb3, Hậu của Trắng bị ép vào ô E1, cho phép Đen chơi | N/A | 1139.56-1145.48
3 | powerful Knight c2. | Hiệp sĩ mạnh mẽ c2. | N/A | 1145.48-1147.92
3 | Securing the Queen and Rook with a completely crushing position. | Bảo vệ quân Hậu và quân Xe trong thế bị đè bẹp hoàn toàn. | N/A | 1147.92-1151.88
3 | Instead of playing B5 immediately, Grandmaster Carlson calmly played Rb1. | Thay vì chơi B5 ngay lập tức, Đại kiện tướng Carlson bình tĩnh chơi Rb1. | N/A | 1151.88-1157.74
3 | Supporting the B4 pawn while eliminating any Knight D4 tricks as the Rook protects the | Hỗ trợ quân tốt B4 đồng thời loại bỏ mọi mánh khóe của Hiệp sĩ D4 vì Xe bảo vệ quân tốt | N/A | 1157.74-1162.28
3 | B3 square. | hình vuông B3. | N/A | 1162.28-1164.2
3 | This means that White is actually threatening B5, preparing to win the E5 pawn on the | Điều này có nghĩa là Trắng thực sự đang đe dọa B5, chuẩn bị thắng quân tốt E5 trên bàn cờ. | N/A | 1164.2-1168.8
3 | next move. | bước tiếp theo. | N/A | 1168.8-1170.28
3 | With this in mind, Black reinforces the center with F6. | Với suy nghĩ này, Đen củng cố trung tâm bằng F6. | N/A | 1170.28-1174.92
3 | Using the E5 square, preparing to meet B5, by once again centralizing the Knight with | Sử dụng ô E5, chuẩn bị gặp B5, bằng cách một lần nữa tập trung Hiệp sĩ với | N/A | 1174.92-1180.3600000000001
3 | Knight D4. | Hiệp sĩ D4. | N/A | 1180.3600000000001-1182.3600000000001
3 | Trading Knights allows Black to control more space with E takes D4, gaining a tempo against | Trading Knight cho phép Đen kiểm soát nhiều không gian hơn với E lấy D4, tăng nhịp độ so với | N/A | 1182.3600000000001-1187.32
3 | the Knight on C3. | Hiệp sĩ trên C3. | N/A | 1187.32-1189.4
3 | Once the Knight moves, Black will continue with Bishop D5, centralizing the Bishop | Khi Hiệp di chuyển, Đen sẽ tiếp tục với Tượng D5, tập trung Tượng | N/A | 1189.4-1193.96
3 | while trying to neutralize White's light-squared Bishop. | trong khi cố gắng vô hiệu hóa Bishop bình phương ánh sáng của White. | N/A | 1193.96-1197.3600000000001
3 | By once again, see the value of the Rook on B1. | Một lần nữa, hãy xem giá trị của Xe ở ô B1. | N/A | 1197.3600000000001-1199.92
4 | preventing any bishop b3 tricks. So white evicts the invading knight with e3. | ngăn chặn bất kỳ thủ đoạn giám mục b3. Vì vậy, màu trắng đuổi hiệp sĩ xâm lược bằng e3. | N/A | 1200.0-1205.04
4 | Initiating the exchange, knight takes f3 check. Bishop takes f3. | Bắt đầu trao đổi, hiệp sĩ kiểm tra f3. Bishop lấy f3. | N/A | 1205.76-1210.56
4 | The light-squared bishop makes its presence known, attacking the sensitive b7 pawn. | Quân tượng bình phương ánh sáng cho biết sự hiện diện của nó, tấn công con tốt b7 nhạy cảm. | N/A | 1211.36-1216.64
4 | One interesting option to explore is queen c8, defending the pawn on b7, | Một lựa chọn thú vị để khám phá là quân hậu c8, bảo vệ con tốt ở b7, | N/A | 1216.64-1221.6
4 | creating a queen bishop battery pointing toward white's king side. | tạo ra một đội quân nữ hoàng hướng về phía vua của quân trắng. | N/A | 1221.6-1225.04
4 | And this also clears the d8 square for black's rook, | Và điều này cũng xóa ô d8 của quân đen, | N/A | 1225.04-1228.08
4 | aligning with the enemy queen. In the game, Grandmaster Topolov decided to defend the | liên kết với nữ hoàng của đối phương. Trong trò chơi, Đại kiện tướng Topolov quyết định bảo vệ | N/A | 1228.08-1233.52
4 | pawn with rook b8, when Magnus advanced in the center with d4. | cầm đồ với xe b8, khi Magnus tiến vào trung tâm với d4. | N/A | 1233.52-1237.92
4 | Not minding an exchange of pawns with e takes d4, e takes d4. | Không quan tâm đến việc đổi quân tốt với e lấy d4, e lấy d4. | N/A | 1238.8-1243.52
4 | Accepting an isolated queen's pawn, but opening up a path for the dark-squared bishop, | Chấp nhận một con tốt của quân hậu bị cô lập, nhưng mở ra một con đường cho quân tượng hình vuông tối, | N/A | 1243.52-1248.0
4 | as well as opening up the e-file for white's rook. | cũng như mở file điện tử của quân trắng. | N/A | 1248.0-1250.56
4 | White is prepared to grab more space on the queen's side with a4 | Trắng đã chuẩn bị sẵn sàng để giành thêm không gian bên quân Hậu với a4 | N/A | 1251.44-1254.96
4 | and possibly gain a tempo against the knight with a5. | và có thể đạt được nhịp độ trước hiệp sĩ với a5. | N/A | 1254.96-1257.76
4 | In the game, black decided to support the e5 pawn with bishop d6. | Trong ván cờ, quân đen quyết định ủng hộ quân tốt e5 với quân tượng d6. | N/A | 1258.4-1262.8
4 | And another interesting idea is to play queen d7, | Và một ý tưởng thú vị khác là chơi nữ hoàng d7, | N/A | 1262.8-1265.76
4 | connecting the rooks on the back rank while activating the queen. | kết nối các quân xe ở hàng sau trong khi kích hoạt quân hậu. | N/A | 1265.76-1268.64
4 | White's position may be slightly more comfortable to play, | Vị trí của Trắng có thể thoải mái hơn một chút để chơi, | N/A | 1269.36-1272.16
4 | but black is certainly not without resources as well. | nhưng màu đen chắc chắn không phải là không có tài nguyên. | N/A | 1272.16-1274.88
4 | e5 is black's most critical response to the English, directly occupying the center, | e5 là phản ứng gay gắt nhất của người da đen đối với người Anh, trực tiếp chiếm giữ trung tâm, | N/A | 1277.28-1282.0
4 | challenging white's overall strategy to control the center from a distance. | thách thức chiến lược tổng thể của quân trắng nhằm kiểm soát trung tâm từ xa. | N/A | 1282.0-1285.52
4 | It's worth noting that if black is willing to face the queen's gambit, then we may see e6. | Điều đáng chú ý là nếu quân đen sẵn sàng đối mặt với quân hậu, thì chúng ta có thể thấy e6. | N/A | 1286.08-1290.8
4 | Crossing white's plan to dominate the central light squares, | Vượt qua kế hoạch thống trị quảng trường ánh sáng trung tâm của White, | N/A | 1291.44-1294.72
4 | preparing to meet knight c3 with d5. | chuẩn bị gặp hiệp sĩ c3 với d5. | N/A | 1294.72-1298.0
4 | Striking in the center, when white will likely transpose into the queen's gambit | Tấn công vào trung tâm, khi quân trắng có thể sẽ chuyển sang nước cờ của quân hậu | N/A | 1298.88-1302.72
4 | declined after d4. Transposing into one of the more solid openings | giảm sau d4. Chuyển sang một trong những lỗ mở vững chắc hơn | N/A | 1302.72-1307.2
4 | after white opens the game with d4 on the first move. | sau khi quân trắng mở ván đấu với d4 ở nước đi đầu tiên. | N/A | 1307.2-1310.16
4 | Another interesting way to fight for control over the central light squares is with c6. | Một cách thú vị khác để tranh giành quyền kiểm soát các ô ánh sáng trung tâm là với c6. | N/A | 1311.12-1315.36
4 | Limiting the scope of white's light-squared bishop if white continues with g3, in bishop g2. | Giới hạn phạm vi của giám mục bình phương ánh sáng của màu trắng nếu màu trắng tiếp tục với g3, trong giám mục g2. | N/A | 1316.24-1321.6
4 | White may decide to respond with e4, transposing into the caro con after d5. | Trắng có thể quyết định đáp lại bằng e4, chuyển sang caro con sau d5. | N/A | 1322.32-1327.6
4 | One of the more solid defenses against e4 on the first move. | Một trong những cách phòng thủ vững chắc hơn trước e4 ở lượt đi đầu tiên. | N/A | 1327.6-1331.12
4 | Just like playing against e6 on the first move, | Giống như chơi với e6 ở nước đi đầu tiên, | N/A | 1332.08-1335.04
4 | white may decide to play the flexible knight f3. | trắng có thể quyết định chơi hiệp sĩ linh hoạt f3. | N/A | 1335.04-1337.68
4 | When after d5, white has several interesting choices. | Khi sau d5, màu trắng có một số lựa chọn thú vị. | N/A | 1338.32-1342.48
4 | d4 transposes into a slav or semi-slav defense. | d4 chuyển sang phòng thủ nô lệ hoặc bán nô lệ. | N/A | 1342.48-1346.24
4 | g3 or b3 turns the game into the ready opening, a close relative to the English, | g3 hoặc b3 biến trò chơi thành phần mở đầu sẵn sàng, gần giống với tiếng Anh, | N/A | 1346.88-1352.56
4 | which is a subject of another video. The main point to keep in mind is that the | đó là chủ đề của một video khác. Điểm chính cần ghi nhớ là | N/A | 1352.56-1356.64
4 | English isn't fully an independent opening system, so a willingness to learn the ready | Tiếng Anh không hoàn toàn là một hệ thống mở đầu độc lập, vì thế sẵn sàng học hỏi | N/A | 1356.64-1361.2
4 | or queen's gambit positions will strengthen your understanding, | hoặc vị trí gambit của quân hậu sẽ củng cố sự hiểu biết của bạn, | N/A | 1361.2-1364.32
4 | as well as overall ability to play the English as white. | cũng như khả năng chơi tiếng Anh tổng thể của người da trắng. | N/A | 1364.32-1367.2
4 | We conclude our initial journey in the English opening with black's symmetrical response, c5. | Chúng tôi kết thúc hành trình đầu tiên của mình ở phần mở đầu tiếng Anh với phản ứng đối xứng của quân đen, c5. | N/A | 1368.96-1373.84
4 | Instead of trying to immediately imbalance the game like e5 on the first move, | Thay vì cố gắng làm mất cân bằng trò chơi ngay lập tức như e5 ngay lần đầu tiên, | N/A | 1374.56-1378.96
4 | this symmetrical approach is a solid alternative, allowing white to provide more information | Cách tiếp cận đối xứng này là một giải pháp thay thế vững chắc, cho phép màu trắng cung cấp thêm thông tin | N/A | 1378.96-1383.52
4 | before committing to a particular setup. Just like the e5 lines, we are merely | trước khi thực hiện một thiết lập cụ thể. Cũng giống như dòng e5, chúng tôi chỉ đơn thuần là | N/A | 1383.52-1388.32
4 | scratching the surface of this fascinating variation as there are so many different | làm sáng tỏ bề mặt của biến thể hấp dẫn này vì có rất nhiều biến thể khác nhau | N/A | 1388.32-1392.32
4 | approaches to consider. White can explore knight f3, preparing a quick central strike with d4, | cách tiếp cận để xem xét. Trắng có thể khám phá hiệp sĩ f3, chuẩn bị tấn công trung tâm nhanh chóng với d4, | N/A | 1392.32-1398.32
4 | with or without the inclusion of e3. Let's see what happens when both sides | có hoặc không có sự bao gồm của e3. Hãy xem điều gì xảy ra khi cả hai bên | N/A | 1398.32-1402.88
4 | continue to play in a symmetrical manner with knight c3, knight c6, g3, and g6. | tiếp tục chơi đối xứng với hiệp sĩ c3, hiệp sĩ c6, g3 và g6. | N/A | 1402.88-1410.0
4 | The king-side bishops exert their influence over the long diagonals with bishop g2, | Các quân tượng bên vua phát huy ảnh hưởng của mình trên các đường chéo dài với quân tượng g2, | N/A | 1410.6399999999999-1415.6
4 | and bishop g7. We maintain a symmetrical position, but this does not mean that | và giám mục g7. Chúng ta duy trì một vị trí đối xứng, nhưng điều này không có nghĩa là | N/A | 1415.6-1420.4
4 | both sides are content with a lifeless draw. It is true that both sides may continue to play | cả hai bên đều hài lòng với một trận hòa vô hồn. Đúng là cả hai bên có thể tiếp tục thi đấu | N/A | 1420.4-1425.44
4 | in a symmetrical fashion, when the positions may become a bit dry. For example, | theo kiểu đối xứng, khi đó các vị trí có thể trở nên hơi khô. Ví dụ, | N/A | 1425.44-1430.16
4 | e3 may be met by e6, but black may decide to break the symmetry with e5. | e3 có thể gặp e6, nhưng màu đen có thể quyết định phá vỡ tính đối xứng với e5. | N/A | 1430.16-1435.6
4 | Another example of breaking the symmetry can be found after a3. | Một ví dụ khác về việc phá vỡ tính đối xứng có thể tìm thấy sau a3. | N/A | 1436.4-1439.84
4 | This can be a tricky move if black isn't careful. White is preparing queen-side | Đây có thể là một bước đi khó khăn nếu quân đen không cẩn thận. Trắng đang chuẩn bị bên quân hậu | N/A | 1440.4-1444.56
4 | expansion with the well-timed b4. The symmetrical approach with a6 is certainly | mở rộng với b4 đúng lúc. Cách tiếp cận đối xứng với a6 chắc chắn là | N/A | 1444.56-1449.52
4 | possible, but just one of several interesting ways to imbalance the game is by playing e6, | có thể, nhưng chỉ một trong nhiều cách thú vị để làm mất cân bằng trò chơi là chơi e6, | N/A | 1449.52-1454.48
4 | preparing the straightforward plan of knight g to e7, castle king-side, and likely striking | chuẩn bị kế hoạch đơn giản từ hiệp sĩ g đến e7, phía vua lâu đài và có khả năng tấn công | N/A | 1455.04-1460.32
4 | the center with d5. White may prepare b4 by playing rook b1, but a tricky option to explore | trung tâm với d5. Trắng có thể chuẩn bị b4 bằng cách chơi xe b1, nhưng đây là một lựa chọn khó khám phá | N/A | 1460.32-1467.3600000000001
4 | is playing b4 immediately. White is willing to sacrifice a pawn after c takes b4, | đang chơi b4 ngay. Trắng sẵn sàng hy sinh một con tốt sau khi c ăn b4, | N/A | 1467.3600000000001-1473.52
4 | a takes b4, and knight takes b4. This is not a pawn sacrifice black should want to accept. | a lấy b4, và hiệp sĩ lấy b4. Đây không phải là một con tốt hy sinh mà người da đen muốn chấp nhận. | N/A | 1473.52-1480.4
4 | Not only does white's rook enjoy great activity on the a-file, | Xe trắng không chỉ có hoạt động tích cực trên a-file, | N/A | 1480.4-1483.92
4 | the move e6 weakened the a3 to f8 diagonal, so I can exploit this weakness with bishop a3. | nước đi e6 làm suy yếu đường chéo a3 đến f8 nên mình có thể khai thác điểm yếu này bằng Bishop a3. | N/A | 1483.92-1490.24
4 | You know it's a bad sign if one of black's best moves is bishop f8, | Bạn biết đó là một dấu hiệu xấu nếu một trong những nước đi tốt nhất của quân đen là quân tượng f8, | N/A | 1490.88-1494.8
4 | trying to protect the knight. a5 simply doesn't work after white captures the knight, | cố gắng bảo vệ hiệp sĩ. a5 đơn giản là không hoạt động sau khi quân trắng bắt được hiệp sĩ, | N/A | 1494.8-1499.6
5 | the rook's pin against the a5 pawn. And after the natural knight c6, White has the powerful shot | chốt của quân xe so với quân tốt a5. Và sau hiệp sĩ tự nhiên c6, Trắng có đòn đánh cực mạnh | N/A | 1500.0-1507.04
5 | knight b5. Threatening knight d6 check when Black's position is in serious trouble. Bishop f8 | hiệp sĩ b5. Đe dọa hiệp sĩ d6 kiểm tra khi vị trí của Đen gặp rắc rối nghiêm trọng. giám mục f8 | N/A | 1507.04-1513.92
5 | is well met by bishop d6, threatening knight c7 check. And even bishop b2 is a reasonable reply, | được gặp Bishop d6, đe dọa hiệp sĩ c7 kiểm tra. Và ngay cả Bishop b2 cũng là một câu trả lời hợp lý, | N/A | 1513.92-1521.04
5 | taking advantage of the weak and long dark-squared diagonal. If Black tries to grab the rook with | tận dụng đường chéo vuông tối yếu và dài. Nếu Đen cố gắng lấy quân xe bằng | N/A | 1521.04-1526.08
5 | bishop takes a1. White's dark-squared dominance decides the game with knight d6 check when after | giám mục lấy a1. Sự thống trị bình phương tối của Trắng quyết định ván đấu với hiệp sĩ d6 chiếu khi sau | N/A | 1526.16-1532.72
5 | king f8. Instead of knight takes c8, discovering the bishop's check against the enemy king, | vua f8. Thay vì hiệp sĩ lấy c8, phát hiện ra sự kiểm tra của giám mục chống lại vua đối phương, | N/A | 1532.72-1538.8
5 | certainly a strong move. White can also play the patient queen takes a1. Capturing the bishop | chắc chắn là một động thái mạnh mẽ. Trắng cũng có thể chơi quân hậu kiên nhẫn mất a1. Bắt giữ giám mục | N/A | 1538.8-1544.8
5 | while threatening the rook in the corner. In addition to the hanging rook on h8, | đồng thời đe dọa quân xe ở góc. Ngoài quân treo ở h8, | N/A | 1544.8-1548.96
5 | knight takes c8 check is still a deadly resource, so Black's position is simply falling apart. | hiệp sĩ kiểm tra c8 vẫn là một nguồn tài nguyên chết người, vì vậy vị trí của Đen đơn giản là đang sụp đổ. | N/A | 1548.96-1554.32
5 | Accepting the pawn sacrifice with c takes b4 is not a wise decision, | Chấp nhận hy sinh con tốt với c lấy b4 không phải là một quyết định sáng suốt, | N/A | 1555.04-1559.44
5 | but since White decided to play this aggressive flank attack with the rook still on a1, | nhưng vì Trắng quyết định chơi đòn tấn công sườn hung hãn này với quân vẫn ở a1, | N/A | 1559.44-1564.08
5 | Black has the strong resource knight takes b4. Preparing to meet a takes b4 with c takes b4. | Đen có hiệp sĩ tài nguyên mạnh mất b4. Chuẩn bị gặp a mất b4 với c mất b4. | N/A | 1564.08-1571.28
5 | Taking advantage of the pin c3 knight, one grandmaster game continued with d4. | Tận dụng hiệp sĩ pin c3, một ván đấu đại kiện tướng tiếp tục với d4. | N/A | 1571.92-1577.68
5 | Occupying the center while restricting Black's active dark-squared bishop, | Chiếm trung tâm trong khi hạn chế tượng quân đen đang hoạt động của Đen, | N/A | 1577.68-1581.76
5 | White is prepared to meet b takes c3 with e3. Preparing to collect the pawn with knight e2 | Trắng chuẩn bị gặp b lấy c3 bằng e3. Chuẩn bị thu quân tốt với hiệp sĩ e2 | N/A | 1581.76-1588.56
5 | and knight takes c3. Grandmaster Vladimir Tukhmukov continued with knight e7. | và hiệp sĩ lấy c3. Đại kiện tướng Vladimir Tukhmukov tiếp tục với hiệp sĩ e7. | N/A | 1588.56-1594.16
5 | When his opponent, Grandmaster Alexander Delchev continued with knight e2. White is | Khi đối thủ của ông, Đại kiện tướng Alexander Delchev tiếp tục với hiệp sĩ e2. Màu trắng là | N/A | 1594.16-1599.68
5 | prepared to play knight takes c3, so Grandmaster Tukhmukov played the well-timed central strike | chuẩn bị đánh hiệp sĩ c3 nên Đại kiện tướng Tukhmukov đánh trung tâm rất đúng lúc | N/A | 1599.68-1605.28
5 | d5. Attacking the unprotected pawn on c4. Knight takes c3 is a reasonable choice, | d5. Tấn công con tốt không được bảo vệ trên c4. Knight lấy c3 là lựa chọn hợp lý | N/A | 1605.28-1612.16
5 | preparing to meet d takes c4 with queen a4 check. Grandmaster Delchev decided to play the more | chuẩn bị gặp d mất c4 với kiểm tra nữ hoàng a4. Đại kiện tướng Delchev quyết định chơi nhiều hơn | N/A | 1612.16-1618.56
5 | combative c takes d5. Preparing to meet knight takes d5. Supporting the c3 pawn | chiến đấu c mất d5. Chuẩn bị gặp hiệp sĩ mất d5. Hỗ trợ cầm đồ c3 | N/A | 1618.56-1625.84
5 | with bishop a3. Preventing Black from castling for the time being. Bishop f8 isn't as bad | với giám mục a3. Ngăn chặn việc nhập thành của quân Đen trong thời gian hiện tại. Bishop f8 không tệ bằng | N/A | 1625.84-1632.32
5 | of a response as it may appear, and in the game Black decided to play bishop d7, | về một phản ứng có thể xuất hiện, và trong trò chơi Đen quyết định chơi Bishop d7, | N/A | 1632.32-1637.44
5 | preparing bishop c6. Supporting the knight while X-rank the enemy bishop on g2, | chuẩn bị giám mục c6. Hỗ trợ hiệp sĩ trong khi xếp hạng X cho giám mục của đối phương trên g2, | N/A | 1637.44-1642.88
5 | leading to a double-edged middle game struggle. In this symmetrical structure, | dẫn đến một cuộc đấu tranh hai lưỡi ở giữa trò chơi. Trong cấu trúc đối xứng này, | N/A | 1642.88-1648.16
5 | White's most popular response is to play knight f3. Since Black has adopted the same setup | Phản ứng phổ biến nhất của White là chơi hiệp sĩ f3. Vì Đen đã áp dụng cách thiết lập tương tự | N/A | 1648.16-1653.76
5 | as White, this means Black may explore ideas typically available when playing the White side | với tư cách là Trắng, điều này có nghĩa là Đen có thể khám phá những ý tưởng thường có khi chơi bên Trắng | N/A | 1653.76-1658.48
5 | of the English. e5, often preparing d6, and bishop e6 is a setup associated with world champion | của người Anh. e5, thường chuẩn bị d6, và Bishop e6 là setup gắn liền với nhà vô địch thế giới | N/A | 1658.48-1665.68
5 | Mikhail Botvinik. This is an English setup used by both White and Black. Another important option | Mikhail Botvinik. Đây là cách thiết lập tiếng Anh được cả Trắng và Đen sử dụng. Một lựa chọn quan trọng khác | N/A | 1665.68-1671.52
5 | to explore is e6, as played by world champion Bobby Fischer. What happens if Black is content | để khám phá là e6, do nhà vô địch thế giới Bobby Fischer thủ vai. Điều gì xảy ra nếu Đen hài lòng | N/A | 1671.52-1677.68
5 | with maintaining symmetry with knight f6? This is a reasonable way to maintain flexibility and | với việc duy trì tính đối xứng với hiệp sĩ f6? Đây là một cách hợp lý để duy trì tính linh hoạt và | N/A | 1677.68-1683.36
5 | see how White may continue. There's nothing wrong with maintaining symmetry by castling, | xem Trắng có thể tiếp tục như thế nào. Không có gì sai khi duy trì tính đối xứng bằng cách nhập thành, | N/A | 1683.3600000000001-1688.4
5 | but if White would prefer to break the symmetry, then we can explore the central strike d4. | nhưng nếu Trắng muốn phá vỡ tính đối xứng thì chúng ta có thể khám phá đòn tấn công trung tâm d4. | N/A | 1688.4-1693.2
5 | If Black tries to take the symmetrical approach to the extreme with d5, this is actually not as | Nếu Đen cố gắng áp dụng cách tiếp cận đối xứng đến mức tối đa với d5, thì điều này thực sự không như ý muốn. | N/A | 1693.92-1699.2
5 | bad as it looks, but not only is castling a reasonable option, White can break the | Trông thì có vẻ tệ, nhưng việc nhập thành không chỉ là một lựa chọn hợp lý mà Trắng còn có thể phá vỡ thế cờ. | N/A | 1699.2-1703.68
5 | symmetry immediately with d-take c5, opening up the d-file for the queen with an excellent | đối xứng ngay với d-take c5, mở ra d-file cho nữ hoàng một cách xuất sắc | N/A | 1703.68-1709.2
5 | position for White. As White fights for more central control, the d4 pawn adds pressure against c5, | vị trí dành cho Trắng. Khi Trắng chiến đấu để giành quyền kiểm soát trung tâm nhiều hơn, tốt d4 sẽ gây áp lực lên c5, | N/A | 1709.2-1715.92
5 | while also contemplating the space gaining d5. In response to d4, Black typically exchanges pawns | đồng thời cũng dự tính không gian tăng d5. Để đáp lại d4, Đen thường đổi quân tốt | N/A | 1715.92-1722.48
5 | with c-takes d4, knight takes d4, resolving the central tension, but revealing the light | với c-lấy d4, hiệp sĩ lấy d4, giải quyết sự căng thẳng ở trung tâm, nhưng để lộ ánh sáng | N/A | 1722.48-1728.88
5 | squared bishop's pressure against the knight on c6. This makes playing d6 more difficult, | bình phương áp lực của quân tượng lên quân mã ở c6. Điều này làm cho việc chơi d6 trở nên khó khăn hơn, | N/A | 1728.88-1734.32
5 | as this would remove an important defender of the c6 knight. It's possible to play knight takes | vì điều này sẽ loại bỏ một người bảo vệ quan trọng của hiệp sĩ c6. Có thể chơi hiệp sĩ | N/A | 1734.32-1739.84
5 | d4 immediately, or in a battle between world champions, Grandmaster Vishwanathan Anand decided | d4 ngay lập tức, hoặc trong trận chiến giữa các nhà vô địch thế giới, Đại kiện tướng Vishwanathan Anand quyết định | N/A | 1739.84-1745.76
5 | to castle. His opponent, Grandmaster Vladimir Kramnik, followed suit by castling as well. | tới lâu đài. Đối thủ của ông, Đại kiện tướng Vladimir Kramnik, cũng làm theo bằng cách nhập thành. | N/A | 1745.76-1751.84
5 | The provocative knight g4, discovering the dark-squared bishop's pressure against the | Hiệp sĩ khiêu khích g4, phát hiện ra áp lực của giám mục bình phương đen tối đối với | N/A | 1752.6399999999999-1756.96
5 | knight on d4, is certainly a playable option the interested viewer may explore, | hiệp sĩ trên d4, chắc chắn là một lựa chọn có thể chơi được mà người xem quan tâm có thể khám phá, | N/A | 1756.96-1761.92
5 | but since the pressure against the knight on c6 makes the natural d6 difficult to play, | nhưng vì áp lực lên quân mã ở c6 khiến cho quân d6 tự nhiên khó chơi, | N/A | 1761.92-1767.04
5 | Grandmaster Anand played the straightforward knight takes d4. Queen takes d4. This is a | Đại kiện tướng Anand đóng vai hiệp sĩ thẳng thắn mất d4. Nữ hoàng lấy d4. Đây là một | N/A | 1767.04-1773.3600000000001
5 | sensitive square for White's queen, as it aligns with the enemy dark-squared bishop. | hình vuông nhạy cảm dành cho quân hậu của Trắng, vì nó phù hợp với quân tượng có hình vuông tối của kẻ thù. | N/A | 1773.3600000000001-1777.92
5 | There isn't a useful discovery with the knight just yet, but this is an important | Chưa có khám phá hữu ích nào về hiệp sĩ, nhưng đây là một khám phá quan trọng. | N/A | 1777.92-1781.8400000000001
5 | theme to keep in mind. After exchanging knights, Black typically plays d6, supporting | chủ đề cần ghi nhớ. Sau khi đổi mã, Đen thường chơi d6, hỗ trợ | N/A | 1781.8400000000001-1788.08
5 | the center while opening up a diagonal for the light-squared bishop. | trung tâm đồng thời mở ra một đường chéo cho quân tượng bình phương sáng. | N/A | 1788.08-1791.68
5 | The dynamic potential of the dark-squared bishop should not be underestimated, | Không nên đánh giá thấp tiềm năng năng động của quân tượng bình phương tối, | N/A | 1791.68-1795.76
5 | because if White decides to play b3, supporting the c4 pawn- | bởi vì nếu Trắng quyết định chơi b3, ủng hộ tốt c4- | N/A | 1795.76-1799.92
6 | and possibly preparing to fight for dark-squared control on the long diagonal, Black can take | và có thể chuẩn bị chiến đấu để giành quyền kiểm soát bình phương tối trên đường chéo dài, Đen có thể chiếm | N/A | 1800.0-1805.12
6 | advantage of the weakened dark squares with the central shot, d5, attacking the c4 pawn, | tận dụng các ô tối yếu đã suy yếu với cú đánh trung tâm, d5, tấn công con tốt c4, | N/A | 1805.12-1810.88
6 | while supporting the deadly threat, knight e4, unleashing the dark-squared bishop's pressure | đồng thời hỗ trợ mối đe dọa chết người, hiệp sĩ e4, giải phóng áp lực của quân giám mục bóng tối | N/A | 1810.88-1815.6
6 | against the queen and knight on the long diagonal. If White responds with c takes d5, | chống lại nữ hoàng và hiệp sĩ trên đường chéo dài. Nếu Trắng trả lời c mất d5, | N/A | 1815.6-1821.2
6 | this is well met by knight takes d5, discovering the bishop's attack against the queen, | điều này được đáp ứng tốt bởi hiệp sĩ mất d5, phát hiện ra cuộc tấn công của giám mục chống lại nữ hoàng, | N/A | 1821.92-1827.6
6 | preparing to meet queen takes d5, with bishop takes c3, attacking White's rook on a1 as Black's | chuẩn bị gặp quân hậu lấy d5, với quân tượng ăn c3, tấn công quân Trắng ở a1 là quân Đen | N/A | 1827.68-1834.8
6 | position is coming to life. White can still hold the balance with bishop h6, although this does allow | vị trí đang đi vào cuộc sống. Trắng vẫn có thể giữ thế cân bằng với Bishop h6, mặc dù điều này cho phép | N/A | 1834.8-1840.4
6 | an exchange of queens, followed by rook d8, when Black enjoys an active position. Grandmaster Kramnik | trao đổi quân hậu, tiếp theo là xe d8, khi Đen chiếm thế chủ động. Đại kiện tướng Kramnik | N/A | 1840.4-1847.44
6 | resolved the unpleasant alignment between White's queen and the enemy dark-squared bishop by playing | giải quyết sự liên kết khó chịu giữa quân hậu của Trắng và quân tượng của quân địch bằng cách chơi | N/A | 1847.44-1852.56
6 | queen d3, vacating the long dark-squared diagonal while still supporting the center, | nữ hoàng d3, bỏ trống đường chéo hình vuông dài màu tối trong khi vẫn hỗ trợ trung tâm, | N/A | 1852.64-1858.4
6 | attacking the queen with bishop f5, provoking e4, restricting the light-squared bishop, | tấn công quân hậu bằng quân tượng f5, khiêu khích e4, hạn chế quân cờ bình phương ánh sáng, | N/A | 1858.4-1863.84
6 | before playing bishop e6 is an interesting option, and it's also possible to play like | trước khi chơi Bishop e6 là một lựa chọn thú vị và cũng có thể chơi như | N/A | 1863.84-1868.8
6 | Grandmaster Anand with bishop e6, adding pressure against the c4 pawn in offering a | Đại kiện tướng Anand với tượng e6, tạo thêm áp lực lên con tốt c4 trong việc đưa ra một | N/A | 1868.8-1874.64
6 | sacrifice on b7. If White decides to accept this pawn sacrifice with bishop takes b7, | hy sinh trên b7. Nếu Trắng quyết định chấp nhận hy sinh con tốt này với tượng sẽ mất b7, | N/A | 1874.64-1880.8
6 | Black is prepared to respond with rook b8, taking advantage of the newly open b file, | Đen chuẩn bị đáp trả bằng xe b8, lợi dụng file b mới mở, | N/A | 1880.88-1886.08
6 | followed by queen a5, connecting the rooks on the back rank, building active counterplay | theo sau là quân hậu a5, kết nối các quân xe ở hàng sau, xây dựng lối chơi phản công chủ động | N/A | 1886.08-1891.12
6 | against White's queen side. Instead of weakening the long dark-squared diagonal with b3, | chống lại phe nữ hoàng của White. Thay vì làm suy yếu đường chéo bình phương tối dài bằng b3, | N/A | 1891.12-1896.72
6 | Grandmaster Kramnik decided to develop the dark-squared bishop to the modest d2 square, | Grandmaster Kramnik quyết định phát triển quân tượng hình vuông tối thành hình vuông d2 khiêm tốn, | N/A | 1896.72-1901.36
6 | connecting the rooks on the back rank while supporting the knight on c3. | kết nối các quân xe ở hàng sau đồng thời hỗ trợ quân mã ở c3. | N/A | 1902.0-1906.16
6 | The bishop may even find a moment to use the c3 square at some point, fighting for control over | Giám mục thậm chí có thể tìm thấy thời điểm để sử dụng ô vuông c3 vào một thời điểm nào đó, tranh giành quyền kiểm soát | N/A | 1906.16-1911.28
6 | the long diagonal. Grandmaster Anand continued with queen d7, creating a queen bishop battery, | đường chéo dài. Grandmaster Anand tiếp tục với nữ hoàng d7, tạo ra một đội quân giám mục nữ hoàng, | N/A | 1911.28-1918.0
6 | pointing toward White's king side while also supporting the b7 pawn. Kramnik continued | hướng về phía quân vua của Trắng đồng thời hỗ trợ con tốt b7. Kramnik tiếp tục | N/A | 1918.0-1923.52
6 | with rook f to d1, centralizing the rook, aligning with the enemy queen on the d file. | với quân xe f đến d1, tập trung quân xe, thẳng hàng với quân hậu của đối phương trên tập d. | N/A | 1923.52-1929.2
6 | Centralizing this rook also creates the additional option of meeting a potential | Việc tập trung quân xe này cũng tạo thêm cơ hội gặp gỡ một đối thủ tiềm năng. | N/A | 1929.84-1933.68
6 | bishop h3, intending to exchange bishops with bishop h1. In this case, bishop h1 is a reasonable | Bishop h3, có ý định trao đổi Bishop với Bishop h1. Trong trường hợp này Bishop h1 là hợp lý | N/A | 1933.68-1940.8
6 | option, maintaining pressure against Black's queen side. The bishop on h1 can look a bit awkward, | lựa chọn, duy trì áp lực đối với quân hậu của Đen. Bishop trên h1 có thể trông hơi lúng túng, | N/A | 1940.8-1946.64
6 | but since Black does not have a direct king side attack, the placement of the bishop should | nhưng vì Đen không có đòn tấn công trực tiếp của quân vua nên việc đặt quân tượng phải | N/A | 1946.64-1950.72
6 | not be a serious issue. White has a fairly straightforward way to complete development | không phải là một vấn đề nghiêm trọng. White có một cách khá đơn giản để hoàn thành quá trình phát triển | N/A | 1950.72-1955.52
6 | with rook a to c1, supporting the c file while vacating the long diagonal, | với rook a đến c1, hỗ trợ tệp c trong khi bỏ trống đường chéo dài, | N/A | 1955.52-1960.24
6 | preparing to solidify the c3 pawn with b3. The c4 pawn fought for control over the d5 square from | chuẩn bị củng cố cầm đồ c3 bằng b3. Tốt c4 tranh giành quyền kiểm soát ô d5 từ | N/A | 1960.24-1967.3600000000001
6 | the very first move of the game, and it still remains an important positional factor, | nước đi đầu tiên của trò chơi và nó vẫn là một yếu tố vị trí quan trọng, | N/A | 1967.3600000000001-1972.0
6 | preventing Black's d pawn from favorably advancing. Rook a to b8, supporting the b7 pawn while | ngăn cản quân Tốt của Đen tiến lên thuận lợi. Xe a đến b8, hỗ trợ tốt b7 trong khi | N/A | 1972.0-1978.72
6 | vacating the long light square diagonal, as well as deciding to place either rook on c8 | bỏ trống đường chéo hình vuông dài, cũng như quyết định đặt một trong hai quân xe vào c8 | N/A | 1978.72-1983.76
6 | or interesting options to explore. Grandmaster Anand decided to generate counterplay with | hoặc những lựa chọn thú vị để khám phá. Đại kiện tướng Anand quyết định tạo ra đòn phản công bằng | N/A | 1983.76-1988.8
6 | knight g4, preparing knight e5, attacking the queen as well as the c4 pawn. So Kramnick anticipated | hiệp sĩ g4, chuẩn bị hiệp sĩ e5, tấn công quân hậu cũng như con tốt c4. Vậy là Kramnick đã đoán trước | N/A | 1988.88-1996.48
6 | this idea by playing b3, reinforcing the c4 pawn but removing a defender of the knight on c3. | ý tưởng này bằng cách chơi b3, củng cố quân tốt c4 nhưng loại bỏ quân bảo vệ hiệp sĩ ở c3. | N/A | 1996.48-2003.52
6 | This is why Kramnick's bishop on d2 is useful, helping support this knight. White is ready to | Đây là lý do tại sao tượng của Kramnick ở d2 lại hữu ích, giúp hỗ trợ hiệp sĩ này. Trắng đã sẵn sàng | N/A | 2003.52-2009.28
6 | address the unpleasant tension down the long diagonal with rook a to c1. So Anand attacked | giải quyết sự căng thẳng khó chịu theo đường chéo dài bằng xe từ a đến c1. Thế là Anand tấn công | N/A | 2009.28-2014.64
6 | Kramnick's queen with knight e5. White centralized the queen on e4, attacking the b7 pawn. Black | Nữ hoàng của Kramnick với hiệp sĩ e5. Trắng tập trung quân hậu vào e4, tấn công con tốt b7. Đen | N/A | 2014.64-2022.8
6 | defended the pawn with rook a to b8, when White continued as planned with rook a to c1. White enjoys | bảo vệ quân tốt bằng quân a đến b8, khi Trắng tiếp tục theo kế hoạch với quân a đến c1. Trắng thích | N/A | 2022.8-2029.44
6 | a space advantage thanks to the c4 pawn in overall light square control. The queen may find a more | lợi thế về không gian nhờ con tốt c4 trong điều khiển ô vuông nhẹ tổng thể. Nữ hoàng có thể tìm thêm | N/A | 2029.44-2035.12
6 | secure post on h4, adding pressure against Black's king side. This type of positional squeeze is a | giữ vững vị trí trên h4, tạo thêm áp lực cho phe vua Đen. Kiểu ép vị trí này là một | N/A | 2035.12-2041.6
6 | common goal for English players and although it may be difficult for Black to find concrete counterplay, | mục tiêu chung cho các cầu thủ Anh và mặc dù Đen có thể khó tìm được biện pháp phản công cụ thể, | N/A | 2041.6-2047.12
6 | the position itself remains relatively resilient with resources such as b6, relieving the tension | bản thân vị thế này vẫn tương đối linh hoạt với các nguồn lực như b6, làm giảm bớt căng thẳng | N/A | 2047.12-2052.88
6 | between the b pawn and White's light-squared bishop as well as rook f to c8, clamping down on the c5 | giữa quân tốt b và quân tượng bình phương nhẹ của Trắng cũng như quân từ f đến c8, kẹp chặt c5 | N/A | 2052.88-2059.2799999999997
6 | square. The English is a popular alternative to immediately occupying the center and may often | quảng trường. Tiếng Anh là một lựa chọn thay thế phổ biến để chiếm lĩnh trung tâm ngay lập tức và thường có thể | N/A | 2059.2799999999997-2065.68
6 | transpose into d4 and in some cases e4 openings. This flexible opening also has its own independent | chuyển sang d4 và trong một số trường hợp mở e4. Việc mở linh hoạt này cũng có tính độc lập riêng | N/A | 2065.76-2072.24
6 | lines to explore, initially fighting for central control from the flanks, delaying an immediate | để khám phá, ban đầu tranh giành quyền kiểm soát trung tâm từ hai bên sườn, trì hoãn một cuộc tấn công ngay lập tức | N/A | 2072.24-2077.36
6 | central confrontation. The English opening often produces subtle, positional struggles, | đối đầu trung tâm. Phần mở đầu bằng tiếng Anh thường tạo ra những đấu tranh tinh vi, mang tính lập trường, | N/A | 2077.36-2082.16
6 | but if both sides are willing, the game can become quite sharp. Thanks for exploring the | nhưng nếu cả hai bên đều sẵn lòng, trận đấu có thể trở nên khá gay cấn. Cảm ơn bạn đã khám phá | N/A | 2082.16-2086.8
6 | strategically rich opening, and best of luck the next time c4 makes an appearance in your game, | Sự mở đầu phong phú về mặt chiến lược và chúc may mắn vào lần tới khi c4 xuất hiện trong trò chơi của bạn, | N/A | 2086.8-2091.92
6 | right here on Chess.com. | ngay tại đây trên Chess.com. | N/A | 2091.92-2095.52
